Determining if the pthread_create exist failed with the following output:
Change Dir: /home/arruti/work/RayRay/lib/gtest-1.7.0/CMakeFiles/CMakeTmp

Run Build Command:"/usr/bin/make" "cmTryCompileExec2421609209/fast"
/usr/bin/make -f CMakeFiles/cmTryCompileExec2421609209.dir/build.make CMakeFiles/cmTryCompileExec2421609209.dir/build
make[1]: Entering directory '/home/arruti/work/RayRay/lib/gtest-1.7.0/CMakeFiles/CMakeTmp'
/usr/bin/cmake -E cmake_progress_report /home/arruti/work/RayRay/lib/gtest-1.7.0/CMakeFiles/CMakeTmp/CMakeFiles 1
Building C object CMakeFiles/cmTryCompileExec2421609209.dir/CheckSymbolExists.c.o
/usr/bin/cc    -o CMakeFiles/cmTryCompileExec2421609209.dir/CheckSymbolExists.c.o   -c /home/arruti/work/RayRay/lib/gtest-1.7.0/CMakeFiles/CMakeTmp/CheckSymbolExists.c
Linking C executable cmTryCompileExec2421609209
/usr/bin/cmake -E cmake_link_script CMakeFiles/cmTryCompileExec2421609209.dir/link.txt --verbose=1
/usr/bin/cc       CMakeFiles/cmTryCompileExec2421609209.dir/CheckSymbolExists.c.o  -o cmTryCompileExec2421609209 -rdynamic 
CMakeFiles/cmTryCompileExec2421609209.dir/CheckSymbolExists.c.o: In function `main':
CheckSymbolExists.c:(.text+0x16): undefined reference to `pthread_create'
collect2: error: ld returned 1 exit status
CMakeFiles/cmTryCompileExec2421609209.dir/build.make:88: recipe for target 'cmTryCompileExec2421609209' failed
make[1]: Leaving directory '/home/arruti/work/RayRay/lib/gtest-1.7.0/CMakeFiles/CMakeTmp'
make[1]: *** [cmTryCompileExec2421609209] Error 1
Makefile:117: recipe for target 'cmTryCompileExec2421609209/fast' failed
make: *** [cmTryCompileExec2421609209/fast] Error 2

File /home/arruti/work/RayRay/lib/gtest-1.7.0/CMakeFiles/CMakeTmp/CheckSymbolExists.c:
/* */
#include <pthread.h>

int main(int argc, char** argv)
{
  (void)argv;
#ifndef pthread_create
  return ((int*)(&pthread_create))[argc];
#else
  (void)argc;
  return 0;
#endif
}

Determining if the function pthread_create exists in the pthreads failed with the following output:
Change Dir: /home/arruti/work/RayRay/lib/gtest-1.7.0/CMakeFiles/CMakeTmp

Run Build Command:"/usr/bin/make" "cmTryCompileExec2014816541/fast"
/usr/bin/make -f CMakeFiles/cmTryCompileExec2014816541.dir/build.make CMakeFiles/cmTryCompileExec2014816541.dir/build
make[1]: Entering directory '/home/arruti/work/RayRay/lib/gtest-1.7.0/CMakeFiles/CMakeTmp'
/usr/bin/cmake -E cmake_progress_report /home/arruti/work/RayRay/lib/gtest-1.7.0/CMakeFiles/CMakeTmp/CMakeFiles 1
Building C object CMakeFiles/cmTryCompileExec2014816541.dir/CheckFunctionExists.c.o
/usr/bin/cc   -DCHECK_FUNCTION_EXISTS=pthread_create   -o CMakeFiles/cmTryCompileExec2014816541.dir/CheckFunctionExists.c.o   -c /usr/share/cmake-3.2/Modules/CheckFunctionExists.c
Linking C executable cmTryCompileExec2014816541
/usr/bin/cmake -E cmake_link_script CMakeFiles/cmTryCompileExec2014816541.dir/link.txt --verbose=1
/usr/bin/cc   -DCHECK_FUNCTION_EXISTS=pthread_create    CMakeFiles/cmTryCompileExec2014816541.dir/CheckFunctionExists.c.o  -o cmTryCompileExec2014816541 -rdynamic -lpthreads 
/usr/bin/ld: cannot find -lpthreads
collect2: error: ld returned 1 exit status
CMakeFiles/cmTryCompileExec2014816541.dir/build.make:88: recipe for target 'cmTryCompileExec2014816541' failed
make[1]: *** [cmTryCompileExec2014816541] Error 1
make[1]: Leaving directory '/home/arruti/work/RayRay/lib/gtest-1.7.0/CMakeFiles/CMakeTmp'
Makefile:117: recipe for target 'cmTryCompileExec2014816541/fast' failed
make: *** [cmTryCompileExec2014816541/fast] Error 2


